<?xml version="1.0" encoding="UTF-8"?>
<testng-results skipped="0" failed="0" total="1" passed="1">
  <reporter-output>
  </reporter-output>
  <suite name="Default suite" duration-ms="221" started-at="2016-07-26T14:34:07Z" finished-at="2016-07-26T14:34:08Z">
    <groups>
    </groups>
    <test name="Default test" duration-ms="221" started-at="2016-07-26T14:34:07Z" finished-at="2016-07-26T14:34:08Z">
      <class name="com.james.im.simple.test.IMServerTest">
        <test-method status="PASS" signature="beforeClass()[pri:0, instance:com.james.im.simple.test.IMServerTest@31b191c4]" name="beforeClass" is-config="true" duration-ms="10" started-at="2016-07-26T22:34:07Z" finished-at="2016-07-26T22:34:07Z">
          <reporter-output>
          </reporter-output>
        </test-method> <!-- beforeClass -->
        <test-method status="PASS" signature="beforeMethod()[pri:0, instance:com.james.im.simple.test.IMServerTest@31b191c4]" name="beforeMethod" is-config="true" duration-ms="1" started-at="2016-07-26T22:34:07Z" finished-at="2016-07-26T22:34:07Z">
          <reporter-output>
          </reporter-output>
        </test-method> <!-- beforeMethod -->
        <test-method status="PASS" signature="f()[pri:0, instance:com.james.im.simple.test.IMServerTest@31b191c4]" name="f" duration-ms="179" started-at="2016-07-26T22:34:07Z" finished-at="2016-07-26T22:34:08Z">
          <reporter-output>
          </reporter-output>
        </test-method> <!-- f -->
        <test-method status="PASS" signature="afterMethod()[pri:0, instance:com.james.im.simple.test.IMServerTest@31b191c4]" name="afterMethod" is-config="true" duration-ms="0" started-at="2016-07-26T22:34:08Z" finished-at="2016-07-26T22:34:08Z">
          <reporter-output>
          </reporter-output>
        </test-method> <!-- afterMethod -->
        <test-method status="PASS" signature="afterClass()[pri:0, instance:com.james.im.simple.test.IMServerTest@31b191c4]" name="afterClass" is-config="true" duration-ms="0" started-at="2016-07-26T22:34:08Z" finished-at="2016-07-26T22:34:08Z">
          <reporter-output>
          </reporter-output>
        </test-method> <!-- afterClass -->
      </class> <!-- com.james.im.simple.test.IMServerTest -->
    </test> <!-- Default test -->
  </suite> <!-- Default suite -->
</testng-results>
