<?xml version="1.0" encoding="UTF-8"?>
<testng-results skipped="0" failed="0" total="1" passed="1">
  <reporter-output>
  </reporter-output>
  <suite name="Default suite" duration-ms="127" started-at="2016-08-04T13:52:54Z" finished-at="2016-08-04T13:52:54Z">
    <groups>
    </groups>
    <test name="Default test" duration-ms="127" started-at="2016-08-04T13:52:54Z" finished-at="2016-08-04T13:52:54Z">
      <class name="com.james.im.simple.test.PacketTest">
        <test-method status="PASS" signature="fPacketTest()[pri:0, instance:com.james.im.simple.test.PacketTest@564e4111]" name="fPacketTest" duration-ms="100" started-at="2016-08-04T21:52:54Z" finished-at="2016-08-04T21:52:54Z">
          <reporter-output>
          </reporter-output>
        </test-method> <!-- fPacketTest -->
      </class> <!-- com.james.im.simple.test.PacketTest -->
    </test> <!-- Default test -->
  </suite> <!-- Default suite -->
</testng-results>
